<?xml version="1.0" encoding="UTF-8"?>
<!-- Generated by org.testng.reporters.JUnitReportReporter -->
<testsuite hostname="DESKTOP-NC4QM1S" failures="0" tests="5" name="tests.TestPurchaseProduct" time="0.967" errors="0" timestamp="2021-11-15T20:22:13 EET" skipped="0">
  <testcase classname="tests.TestPurchaseProduct" name="UserCanLoginSuccssfully" time="0.308"/>
  <system-out/>
  <testcase classname="tests.TestPurchaseProduct" name="UserCanAddProductsTOCart" time="0.196"/>
  <system-out/>
  <testcase classname="tests.TestPurchaseProduct" name="UserCheckoutProduct" time="0.073"/>
  <system-out/>
  <testcase classname="tests.TestPurchaseProduct" name="userFillCheckoutInfo" time="0.310"/>
  <system-out/>
  <testcase classname="tests.TestPurchaseProduct" name="userFinsihCheckoutProcess" time="0.080"/>
  <system-out/>
</testsuite> <!-- tests.TestPurchaseProduct -->
