<?xml version="1.0" encoding="UTF-8"?>
<!-- Generated by org.testng.reporters.JUnitReportReporter -->
<testsuite hostname="DESKTOP-NC4QM1S" failures="0" tests="5" name="tests.TestPurchaseProduct" time="1.034" errors="0" timestamp="2021-11-15T20:22:36 EET" skipped="0">
  <testcase classname="tests.TestPurchaseProduct" name="UserCanLoginSuccssfully" time="0.349"/>
  <system-out/>
  <testcase classname="tests.TestPurchaseProduct" name="UserCanAddProductsTOCart" time="0.257"/>
  <system-out/>
  <testcase classname="tests.TestPurchaseProduct" name="UserCheckoutProduct" time="0.074"/>
  <system-out/>
  <testcase classname="tests.TestPurchaseProduct" name="userFillCheckoutInfo" time="0.280"/>
  <system-out/>
  <testcase classname="tests.TestPurchaseProduct" name="userFinsihCheckoutProcess" time="0.074"/>
  <system-out/>
</testsuite> <!-- tests.TestPurchaseProduct -->
